c:\dev\graphics programming\projects\openglrenderer\x64\debug\vc143.pdb
c:\dev\graphics programming\projects\openglrenderer\x64\debug\vc143.idb
c:\dev\graphics programming\projects\openglrenderer\x64\debug\glad.obj
c:\dev\graphics programming\projects\openglrenderer\x64\debug\stb.obj
c:\dev\graphics programming\projects\openglrenderer\x64\debug\imgui_widgets.obj
c:\dev\graphics programming\projects\openglrenderer\x64\debug\imgui_tables.obj
c:\dev\graphics programming\projects\openglrenderer\x64\debug\imgui_impl_glfw.obj
c:\dev\graphics programming\projects\openglrenderer\x64\debug\imgui_draw.obj
c:\dev\graphics programming\projects\openglrenderer\x64\debug\imgui_demo.obj
c:\dev\graphics programming\projects\openglrenderer\x64\debug\imgui.obj
c:\dev\graphics programming\projects\openglrenderer\x64\debug\openglrenderer.exe
c:\dev\graphics programming\projects\openglrenderer\x64\debug\openglrenderer.ilk
c:\dev\graphics programming\projects\openglrenderer\x64\debug\openglrenderer.pdb
c:\dev\graphics programming\projects\openglrenderer\x64\debug\imgui_impl_opengl3.obj
c:\dev\graphics programming\projects\openglrenderer\x64\debug\openglrenderer.tlog\cl.command.1.tlog
c:\dev\graphics programming\projects\openglrenderer\x64\debug\openglrenderer.tlog\cl.items.tlog
c:\dev\graphics programming\projects\openglrenderer\x64\debug\openglrenderer.tlog\cl.read.1.tlog
c:\dev\graphics programming\projects\openglrenderer\x64\debug\openglrenderer.tlog\cl.write.1.tlog
c:\dev\graphics programming\projects\openglrenderer\x64\debug\openglrenderer.tlog\link.command.1.tlog
c:\dev\graphics programming\projects\openglrenderer\x64\debug\openglrenderer.tlog\link.read.1.tlog
c:\dev\graphics programming\projects\openglrenderer\x64\debug\openglrenderer.tlog\link.write.1.tlog
